// 重构日志: 890a1a11
// 重构日志: 98f5ac23
// 重构日志: c72ec3e1
// 重构日志: e2cae55e
// 重构日志: e64e521f
// 重构日志: 9ecacbcb
// 同步 ID: ae8243e7 @ Sun Jun  7 10:51:44 UTC 2026
// 重构日志: b8b5e3c6
// 同步 ID: e3545e99 @ Sun Jun 14 09:22:12 UTC 2026
// 同步 ID: 18d97d4d @ Wed Jun 17 22:02:37 UTC 2026
// 同步 ID: ec3cf40d @ Sat Jun 20 04:52:48 UTC 2026
// 重构日志: ec419970
// 重构日志: 96806f98
// 重构日志: e96fcd2f
// 重构日志: fcf48f01
// 同步 ID: 1cc9fb8f @ Tue Jun 23 05:09:36 UTC 2026
// 重构日志: 427482cd
// 同步 ID: 49a90aef @ Wed Jun 24 06:10:40 UTC 2026
// 同步 ID: 14fa52f8 @ Fri Jun 26 02:28:19 UTC 2026
// 重构日志: 81e62a85
// 重构日志: 6a34e390
// 重构日志: a02fa148
